<?xml version="1.0" encoding="UTF-8"?>
<!-- Generated by org.testng.reporters.JUnitXMLReporter -->
<testsuite ignored="5" hostname="DESKTOP-UCOHM4L" failures="0" tests="1" name="Default test" time="15.405" errors="0" timestamp="2025-01-06T22:13:02 EET">
  <testcase classname="MyTestCases" name="Switch_Window" time="2.219"/>
  <testcase classname="MyTestCases" name="Switch_To_Alert_Example" time="0.0">
    <ignored/>
  </testcase> <!-- Switch_To_Alert_Example -->
  <testcase classname="MyTestCases" name="Radio_Button_Test" time="0.0">
    <ignored/>
  </testcase> <!-- Radio_Button_Test -->
  <testcase classname="MyTestCases" name="Checkbox_Test" time="0.0">
    <ignored/>
  </testcase> <!-- Checkbox_Test -->
  <testcase classname="MyTestCases" name="Static_Dropdown_Test" time="0.0">
    <ignored/>
  </testcase> <!-- Static_Dropdown_Test -->
  <testcase classname="MyTestCases" name="Dynamic_Dropdown_Test" time="0.0">
    <ignored/>
  </testcase> <!-- Dynamic_Dropdown_Test -->
</testsuite> <!-- Default test -->
