<?xml version="1.0" encoding="UTF-8"?>
<testng-results ignored="5" total="6" passed="1" failed="0" skipped="0">
  <reporter-output>
  </reporter-output>
  <suite started-at="2025-01-06T22:12:46 EET" name="Default suite" finished-at="2025-01-06T22:13:02 EET" duration-ms="15405">
    <groups>
    </groups>
    <test started-at="2025-01-06T22:12:46 EET" name="Default test" finished-at="2025-01-06T22:13:02 EET" duration-ms="15405">
      <class name="MyTestCases">
        <test-method is-config="true" signature="mysetup()[pri:0, instance:MyTestCases@2dca0d64]" started-at="2025-01-06T22:12:46 EET" name="mysetup" finished-at="2025-01-06T22:13:00 EET" duration-ms="13135" status="PASS">
          <reporter-output>
          </reporter-output>
        </test-method> <!-- mysetup -->
        <test-method signature="Switch_Window()[pri:1, instance:MyTestCases@2dca0d64]" started-at="2025-01-06T22:13:00 EET" name="Switch_Window" description="this is to move from window to anther one " finished-at="2025-01-06T22:13:02 EET" duration-ms="2219" status="PASS">
          <reporter-output>
          </reporter-output>
        </test-method> <!-- Switch_Window -->
      </class> <!-- MyTestCases -->
    </test> <!-- Default test -->
  </suite> <!-- Default suite -->
</testng-results>
